<?xml version="1.0" encoding="UTF-8"?>
<!-- Generated by org.testng.reporters.JUnitReportReporter -->
<testsuite hostname="Ajiths-iMac.local" failures="0" tests="1" name="TC003_GET_Request" time="1.712" errors="0" timestamp="2021-08-26T09:53:22 BST" skipped="0">
  <testcase classname="TC003_GET_Request" name="googleMapTest" time="1.712"/>
  <system-out/>
</testsuite> <!-- TC003_GET_Request -->
